<?xml version="1.0" encoding="UTF-8"?>
<testng-results skipped="0" failed="0" total="2" passed="2">
  <reporter-output>
  </reporter-output>
  <suite name="Suite" duration-ms="297" started-at="2021-03-12T05:15:28Z" finished-at="2021-03-12T05:15:29Z">
    <groups>
    </groups>
    <test name="Test" duration-ms="297" started-at="2021-03-12T05:15:28Z" finished-at="2021-03-12T05:15:29Z">
      <class name="Organization.CreateOrgTest">
        <test-method status="PASS" signature="CreateOrg1()[pri:0, instance:Organization.CreateOrgTest@482f8f11]" name="CreateOrg1" duration-ms="94" started-at="2021-03-12T11:00:29Z" finished-at="2021-03-12T11:00:29Z">
          <reporter-output>
          </reporter-output>
        </test-method> <!-- CreateOrg1 -->
        <test-method status="PASS" signature="CreateOrgWithMobNO()[pri:0, instance:Organization.CreateOrgTest@482f8f11]" name="CreateOrgWithMobNO" duration-ms="15" started-at="2021-03-12T11:00:29Z" finished-at="2021-03-12T11:00:29Z">
          <reporter-output>
          </reporter-output>
        </test-method> <!-- CreateOrgWithMobNO -->
      </class> <!-- Organization.CreateOrgTest -->
    </test> <!-- Test -->
  </suite> <!-- Suite -->
</testng-results>
